<?xml version="1.0" encoding="UTF-8"?>
<!-- Generated by org.testng.reporters.JUnitReportReporter -->
<testsuite hostname="ILSERGEYR-LT1" failures="0" tests="1" name="ProgramFiles.GloballyUsedClasses.ExtentRepTestReports" time="3.014" errors="0" timestamp="2024-10-07T12:50:23 IDT" skipped="0">
  <testcase classname="ProgramFiles.GloballyUsedClasses.ExtentRepTestReports" name="PassedOrFailedForExtentReport" time="3.014"/>
</testsuite> <!-- ProgramFiles.GloballyUsedClasses.ExtentRepTestReports -->
