<?xml version="1.0" encoding="UTF-8"?>
<!-- Generated by org.testng.reporters.JUnitReportReporter -->
<testsuite hostname="ILSERGEYR-LT1" failures="0" tests="1" name="ProgramFiles.ExtentRepTestReports" time="2.024" errors="0" timestamp="2024-04-25T12:09:26 IDT" skipped="0">
  <testcase classname="ProgramFiles.ExtentRepTestReports" name="PassedOrFailedForExtentReport" time="2.024"/>
  <system-out/>
</testsuite> <!-- ProgramFiles.ExtentRepTestReports -->
